c:\users\linus\documents\tr0n3k\particle renderer\opengl_particles\debug\vc120.pdb
c:\users\linus\documents\tr0n3k\particle renderer\opengl_particles\debug\vc120.idb
c:\users\linus\documents\tr0n3k\particle renderer\opengl_particles\debug\camera.obj
c:\users\linus\documents\tr0n3k\particle renderer\opengl_particles\debug\loader.obj
c:\users\linus\documents\tr0n3k\particle renderer\opengl_particles\debug\main.obj
c:\users\linus\documents\tr0n3k\particle renderer\opengl_particles\debug\object.obj
c:\users\linus\documents\tr0n3k\particle renderer\opengl_particles\debug\particlesystem.obj
c:\users\linus\documents\github\opengl\debug\vc140.pdb
c:\users\linus\documents\github\opengl\debug\vc140.idb
c:\users\linus\documents\github\opengl\debug\camera.obj
c:\users\linus\documents\github\opengl\debug\loader.obj
c:\users\linus\documents\github\opengl\debug\object.obj
c:\users\linus\documents\github\opengl\debug\particlesystem.obj
c:\users\linus\documents\github\opengl\debug\win32inputbox.obj
c:\users\linus\documents\github\opengl\debug\main.obj
c:\users\linus\documents\tr0n3k\particle renderer\opengl_particles\debug\demo.ilk
c:\users\linus\documents\tr0n3k\particle renderer\opengl_particles\debug\demo.exe
c:\users\linus\documents\tr0n3k\particle renderer\opengl_particles\debug\demo.pdb
c:\users\linus\documents\github\opengl\debug\demo.pdb
c:\users\linus\documents\github\opengl\debug\demo.tlog\cl.command.1.tlog
c:\users\linus\documents\github\opengl\debug\demo.tlog\cl.read.1.tlog
c:\users\linus\documents\github\opengl\debug\demo.tlog\cl.write.1.tlog
c:\users\linus\documents\github\opengl\debug\demo.tlog\link-cvtres.read.1.tlog
c:\users\linus\documents\github\opengl\debug\demo.tlog\link-cvtres.write.1.tlog
c:\users\linus\documents\github\opengl\debug\demo.tlog\link-rc.read.1.tlog
c:\users\linus\documents\github\opengl\debug\demo.tlog\link-rc.write.1.tlog
c:\users\linus\documents\github\opengl\debug\demo.tlog\link.command.1.tlog
c:\users\linus\documents\github\opengl\debug\demo.tlog\link.read.1.tlog
c:\users\linus\documents\github\opengl\debug\demo.tlog\link.write.1.tlog
